This is XeTeX, Version 3.141592653-2.6-0.999994 (MiKTeX 22.12) (preloaded format=xelatex 2022.12.29)  20 JAN 2023 20:42
entering extended mode
 restricted \write18 enabled.
 %&-line parsing enabled.
**./Master_eng_Thesis_Anastasios_Iliopoulos.tex
(Master_eng_Thesis_Anastasios_Iliopoulos.tex
LaTeX2e <2022-11-01> patch level 1
L3 programming layer <2022-12-17>
(C:\Users\a.iliopoulos_xe\AppData\Local\Programs\MiKTeX\tex/latex/base\report.c
ls
Document Class: report 2022/07/02 v1.4n Standard LaTeX document class

(C:\Users\a.iliopoulos_xe\AppData\Local\Programs\MiKTeX\tex/latex/base\size12.c
lo
File: size12.clo 2022/07/02 v1.4n Standard LaTeX file (size option)
)
\c@part=\count181
\c@chapter=\count182
\c@section=\count183
\c@subsection=\count184
\c@subsubsection=\count185
\c@paragraph=\count186
\c@subparagraph=\count187
\c@figure=\count188
\c@table=\count189
\abovecaptionskip=\skip48
\belowcaptionskip=\skip49
\bibindent=\dimen140
)
(C:\Users\a.iliopoulos_xe\AppData\Local\Programs\MiKTeX\tex/latex/geometry\geom
etry.sty
Package: geometry 2020/01/02 v5.9 Page Geometry

(C:\Users\a.iliopoulos_xe\AppData\Local\Programs\MiKTeX\tex/latex/graphics\keyv
al.sty
Package: keyval 2022/05/29 v1.15 key=value parser (DPC)
\KV@toks@=\toks16
)
(C:\Users\a.iliopoulos_xe\AppData\Local\Programs\MiKTeX\tex/generic/iftex\ifvte
x.sty
Package: ifvtex 2019/10/25 v1.7 ifvtex legacy package. Use iftex instead.

(C:\Users\a.iliopoulos_xe\AppData\Local\Programs\MiKTeX\tex/generic/iftex\iftex
.sty
Package: iftex 2022/02/03 v1.0f TeX engine tests
))
\Gm@cnth=\count190
\Gm@cntv=\count191
\c@Gm@tempcnt=\count192
\Gm@bindingoffset=\dimen141
\Gm@wd@mp=\dimen142
\Gm@odd@mp=\dimen143
\Gm@even@mp=\dimen144
\Gm@layoutwidth=\dimen145
\Gm@layoutheight=\dimen146
\Gm@layouthoffset=\dimen147
\Gm@layoutvoffset=\dimen148
\Gm@dimlist=\toks17

(C:\Users\a.iliopoulos_xe\AppData\Local\Programs\MiKTeX\tex/latex/geometry\geom
etry.cfg))
(C:\Users\a.iliopoulos_xe\AppData\Local\Programs\MiKTeX\tex/latex/xltxtra\xltxt
ra.sty
Package: xltxtra 2018/12/31 v0.7 Improvements for the "XeLaTeX" format

(C:\Users\a.iliopoulos_xe\AppData\Local\Programs\MiKTeX\tex/generic/iftex\iflua
tex.sty
Package: ifluatex 2019/10/25 v1.5 ifluatex legacy package. Use iftex instead.
)
(C:\Users\a.iliopoulos_xe\AppData\Local\Programs\MiKTeX\tex/generic/iftex\ifxet
ex.sty
Package: ifxetex 2019/10/25 v0.7 ifxetex legacy package. Use iftex instead.
)
(C:\Users\a.iliopoulos_xe\AppData\Local\Programs\MiKTeX\tex/latex/fontspec\font
spec.sty
(C:\Users\a.iliopoulos_xe\AppData\Local\Programs\MiKTeX\tex/latex/l3packages/xp
arse\xparse.sty
(C:\Users\a.iliopoulos_xe\AppData\Local\Programs\MiKTeX\tex/latex/l3kernel\expl
3.sty
Package: expl3 2022-12-17 L3 programming layer (loader) 

(C:\Users\a.iliopoulos_xe\AppData\Local\Programs\MiKTeX\tex/latex/l3backend\l3b
ackend-xetex.def
File: l3backend-xetex.def 2022-10-26 L3 backend support: XeTeX
\g__graphics_track_int=\count193
\l__pdf_internal_box=\box51
\g__pdf_backend_object_int=\count194
\g__pdf_backend_annotation_int=\count195
\g__pdf_backend_link_int=\count196
))
Package: xparse 2022-12-17 L3 Experimental document command parser
)
Package: fontspec 2022/01/15 v2.8a Font selection for XeLaTeX and LuaLaTeX

(C:\Users\a.iliopoulos_xe\AppData\Local\Programs\MiKTeX\tex/latex/fontspec\font
spec-xetex.sty
Package: fontspec-xetex 2022/01/15 v2.8a Font selection for XeLaTeX and LuaLaTe
X
\l__fontspec_script_int=\count197
\l__fontspec_language_int=\count198
\l__fontspec_strnum_int=\count199
\l__fontspec_tmp_int=\count266
\l__fontspec_tmpa_int=\count267
\l__fontspec_tmpb_int=\count268
\l__fontspec_tmpc_int=\count269
\l__fontspec_em_int=\count270
\l__fontspec_emdef_int=\count271
\l__fontspec_strong_int=\count272
\l__fontspec_strongdef_int=\count273
\l__fontspec_tmpa_dim=\dimen149
\l__fontspec_tmpb_dim=\dimen150
\l__fontspec_tmpc_dim=\dimen151

(C:\Users\a.iliopoulos_xe\AppData\Local\Programs\MiKTeX\tex/latex/base\fontenc.
sty
Package: fontenc 2021/04/29 v2.0v Standard LaTeX package
)
(C:\Users\a.iliopoulos_xe\AppData\Local\Programs\MiKTeX\tex/latex/fontspec\font
spec.cfg)))
(C:\Users\a.iliopoulos_xe\AppData\Local\Programs\MiKTeX\tex/latex/realscripts\r
ealscripts.sty
Package: realscripts 2016/02/13 v0.3d Access OpenType subscripts and superscrip
ts
\subsupersep=\dimen152
)
(C:\Users\a.iliopoulos_xe\AppData\Local\Programs\MiKTeX\tex/latex/metalogo\meta
logo.sty
Package: metalogo 2010/05/29 v0.12 Extended TeX logo macros

(C:\Users\a.iliopoulos_xe\AppData\Local\Programs\MiKTeX\tex/latex/graphics\grap
hicx.sty
Package: graphicx 2021/09/16 v1.2d Enhanced LaTeX Graphics (DPC,SPQR)

(C:\Users\a.iliopoulos_xe\AppData\Local\Programs\MiKTeX\tex/latex/graphics\grap
hics.sty
Package: graphics 2022/03/10 v1.4e Standard LaTeX Graphics (DPC,SPQR)

(C:\Users\a.iliopoulos_xe\AppData\Local\Programs\MiKTeX\tex/latex/graphics\trig
.sty
Package: trig 2021/08/11 v1.11 sin cos tan (DPC)
)
(C:\Users\a.iliopoulos_xe\AppData\Local\Programs\MiKTeX\tex/latex/graphics-cfg\
graphics.cfg
File: graphics.cfg 2016/06/04 v1.11 sample graphics configuration
)
Package graphics Info: Driver file: xetex.def on input line 107.

(C:\Users\a.iliopoulos_xe\AppData\Local\Programs\MiKTeX\tex/latex/graphics-def\
xetex.def
File: xetex.def 2022/09/22 v5.0n Graphics/color driver for xetex
))
\Gin@req@height=\dimen153
\Gin@req@width=\dimen154
)
\xl@everylogo=\toks18
\xl@@everylogo=\toks19
LaTeX Info: Redefining \TeX on input line 193.
LaTeX Info: Redefining \LaTeX on input line 202.
LaTeX Info: Redefining \LaTeXe on input line 219.
)
\l__xetex_show_hyphens_wrapping_box=\box52
\l__xetex_show_hyphens_temp_box=\box53
\l__xetex_show_hyphens_final_box=\box54
\g__xetex_show_hyphens_word_box=\box55
)
(C:\Users\a.iliopoulos_xe\AppData\Local\Programs\MiKTeX\tex/xelatex/xgreek\xgre
ek.sty
File: xgreek.sty 2018/02/16 v3.0.1 Package `xgreek.sty'
 Package `xgreek' version 3.0.1 by Apostolos Syropoulos
\@attic@num=\count274
)
(C:\Users\a.iliopoulos_xe\AppData\Local\Programs\MiKTeX\tex/latex/amsfonts\amss
ymb.sty
Package: amssymb 2013/01/14 v3.01 AMS font symbols

(C:\Users\a.iliopoulos_xe\AppData\Local\Programs\MiKTeX\tex/latex/amsfonts\amsf
onts.sty
Package: amsfonts 2013/01/14 v3.01 Basic AMSFonts support
\@emptytoks=\toks20
\symAMSa=\mathgroup4
\symAMSb=\mathgroup5
LaTeX Font Info:    Redeclaring math symbol \hbar on input line 98.
LaTeX Font Info:    Overwriting math alphabet `\mathfrak' in version `bold'
(Font)                  U/euf/m/n --> U/euf/b/n on input line 106.
))
(C:\Users\a.iliopoulos_xe\AppData\Local\Programs\MiKTeX\tex/latex/mathtools\mat
htools.sty
Package: mathtools 2022/06/29 v1.29 mathematical typesetting tools

(C:\Users\a.iliopoulos_xe\AppData\Local\Programs\MiKTeX\tex/latex/tools\calc.st
y
Package: calc 2017/05/25 v4.3 Infix arithmetic (KKT,FJ)
\calc@Acount=\count275
\calc@Bcount=\count276
\calc@Adimen=\dimen155
\calc@Bdimen=\dimen156
\calc@Askip=\skip50
\calc@Bskip=\skip51
LaTeX Info: Redefining \setlength on input line 80.
LaTeX Info: Redefining \addtolength on input line 81.
\calc@Ccount=\count277
\calc@Cskip=\skip52
)
(C:\Users\a.iliopoulos_xe\AppData\Local\Programs\MiKTeX\tex/latex/mathtools\mhs
etup.sty
Package: mhsetup 2021/03/18 v1.4 programming setup (MH)
)
(C:\Users\a.iliopoulos_xe\AppData\Local\Programs\MiKTeX\tex/latex/amsmath\amsma
th.sty
Package: amsmath 2022/04/08 v2.17n AMS math features
\@mathmargin=\skip53

For additional information on amsmath, use the `?' option.

(C:\Users\a.iliopoulos_xe\AppData\Local\Programs\MiKTeX\tex/latex/amsmath\amste
xt.sty
Package: amstext 2021/08/26 v2.01 AMS text

(C:\Users\a.iliopoulos_xe\AppData\Local\Programs\MiKTeX\tex/latex/amsmath\amsge
n.sty
File: amsgen.sty 1999/11/30 v2.0 generic functions
\@emptytoks=\toks21
\ex@=\dimen157
))
(C:\Users\a.iliopoulos_xe\AppData\Local\Programs\MiKTeX\tex/latex/amsmath\amsbs
y.sty
Package: amsbsy 1999/11/29 v1.2d Bold Symbols
\pmbraise@=\dimen158
)
(C:\Users\a.iliopoulos_xe\AppData\Local\Programs\MiKTeX\tex/latex/amsmath\amsop
n.sty
Package: amsopn 2022/04/08 v2.04 operator names
)
\inf@bad=\count278
LaTeX Info: Redefining \frac on input line 234.
\uproot@=\count279
\leftroot@=\count280
LaTeX Info: Redefining \overline on input line 399.
LaTeX Info: Redefining \colon on input line 410.
\classnum@=\count281
\DOTSCASE@=\count282
LaTeX Info: Redefining \ldots on input line 496.
LaTeX Info: Redefining \dots on input line 499.
LaTeX Info: Redefining \cdots on input line 620.
\Mathstrutbox@=\box56
\strutbox@=\box57
LaTeX Info: Redefining \big on input line 722.
LaTeX Info: Redefining \Big on input line 723.
LaTeX Info: Redefining \bigg on input line 724.
LaTeX Info: Redefining \Bigg on input line 725.
\big@size=\dimen159
LaTeX Font Info:    Redeclaring font encoding OML on input line 743.
LaTeX Font Info:    Redeclaring font encoding OMS on input line 744.
\macc@depth=\count283
LaTeX Info: Redefining \bmod on input line 905.
LaTeX Info: Redefining \pmod on input line 910.
LaTeX Info: Redefining \smash on input line 940.
LaTeX Info: Redefining \relbar on input line 970.
LaTeX Info: Redefining \Relbar on input line 971.
\c@MaxMatrixCols=\count284
\dotsspace@=\muskip16
\c@parentequation=\count285
\dspbrk@lvl=\count286
\tag@help=\toks22
\row@=\count287
\column@=\count288
\maxfields@=\count289
\andhelp@=\toks23
\eqnshift@=\dimen160
\alignsep@=\dimen161
\tagshift@=\dimen162
\tagwidth@=\dimen163
\totwidth@=\dimen164
\lineht@=\dimen165
\@envbody=\toks24
\multlinegap=\skip54
\multlinetaggap=\skip55
\mathdisplay@stack=\toks25
LaTeX Info: Redefining \[ on input line 2953.
LaTeX Info: Redefining \] on input line 2954.
)
\g_MT_multlinerow_int=\count290
\l_MT_multwidth_dim=\dimen166
\origjot=\skip56
\l_MT_shortvdotswithinadjustabove_dim=\dimen167
\l_MT_shortvdotswithinadjustbelow_dim=\dimen168
\l_MT_above_intertext_sep=\dimen169
\l_MT_below_intertext_sep=\dimen170
\l_MT_above_shortintertext_sep=\dimen171
\l_MT_below_shortintertext_sep=\dimen172
\xmathstrut@box=\box58
\xmathstrut@dim=\dimen173
)
(C:\Users\a.iliopoulos_xe\AppData\Local\Programs\MiKTeX\tex/latex/relsize\relsi
ze.sty
Package: relsize 2013/03/29 ver 4.1
)
(C:\Users\a.iliopoulos_xe\AppData\Local\Programs\MiKTeX\tex/latex/tools\array.s
ty
Package: array 2022/03/10 v2.5f Tabular extension package (FMi)
\col@sep=\dimen174
\ar@mcellbox=\box59
\extrarowheight=\dimen175
\NC@list=\toks26
\extratabsurround=\skip57
\backup@length=\skip58
\ar@cellbox=\box60
)
(C:\Users\a.iliopoulos_xe\AppData\Local\Programs\MiKTeX\tex/latex/amscls\amsthm
.sty
Package: amsthm 2020/05/29 v2.20.6
\thm@style=\toks27
\thm@bodyfont=\toks28
\thm@headfont=\toks29
\thm@notefont=\toks30
\thm@headpunct=\toks31
\thm@preskip=\skip59
\thm@postskip=\skip60
\thm@headsep=\skip61
\dth@everypar=\toks32
)
(C:\Users\a.iliopoulos_xe\AppData\Local\Programs\MiKTeX\tex/latex/fancyhdr\fanc
yhdr.sty
Package: fancyhdr 2022/11/09 v4.1 Extensive control of page headers and footers

\f@nch@headwidth=\skip62
\f@nch@O@elh=\skip63
\f@nch@O@erh=\skip64
\f@nch@O@olh=\skip65
\f@nch@O@orh=\skip66
\f@nch@O@elf=\skip67
\f@nch@O@erf=\skip68
\f@nch@O@olf=\skip69
\f@nch@O@orf=\skip70
)
(C:\Users\a.iliopoulos_xe\AppData\Local\Programs\MiKTeX\tex/latex/enumitem\enum
item.sty
Package: enumitem 2019/06/20 v3.9 Customized lists
\labelindent=\skip71
\enit@outerparindent=\dimen176
\enit@toks=\toks33
\enit@inbox=\box61
\enit@count@id=\count291
\enitdp@description=\count292
)
(C:\Users\a.iliopoulos_xe\AppData\Local\Programs\MiKTeX\tex/latex/listings\list
ings.sty
\lst@mode=\count293
\lst@gtempboxa=\box62
\lst@token=\toks34
\lst@length=\count294
\lst@currlwidth=\dimen177
\lst@column=\count295
\lst@pos=\count296
\lst@lostspace=\dimen178
\lst@width=\dimen179
\lst@newlines=\count297
\lst@lineno=\count298
\lst@maxwidth=\dimen180

(C:\Users\a.iliopoulos_xe\AppData\Local\Programs\MiKTeX\tex/latex/listings\lstm
isc.sty
File: lstmisc.sty 2020/03/24 1.8d (Carsten Heinz)
\c@lstnumber=\count299
\lst@skipnumbers=\count300
\lst@framebox=\box63
)
(C:\Users\a.iliopoulos_xe\AppData\Local\Programs\MiKTeX\tex/latex/listings\list
ings.cfg
File: listings.cfg 2020/03/24 1.8d listings configuration
))
Package: listings 2020/03/24 1.8d (Carsten Heinz)

(C:\Users\a.iliopoulos_xe\AppData\Local\Programs\MiKTeX\tex/latex/graphics\colo
r.sty
Package: color 2022/01/06 v1.3d Standard LaTeX Color (DPC)

(C:\Users\a.iliopoulos_xe\AppData\Local\Programs\MiKTeX\tex/latex/graphics-cfg\
color.cfg
File: color.cfg 2016/01/02 v1.6 sample color configuration
)
Package color Info: Driver file: xetex.def on input line 149.

(C:\Users\a.iliopoulos_xe\AppData\Local\Programs\MiKTeX\tex/latex/graphics\math
color.ltx))
(C:\Users\a.iliopoulos_xe\AppData\Local\Programs\MiKTeX\tex/latex/pxfonts\pxfon
ts.sty
Package: pxfonts 2008/01/22 v1.1.1
LaTeX Font Info:    Redeclaring symbol font `operators' on input line 21.
LaTeX Font Info:    Overwriting symbol font `operators' in version `normal'
(Font)                  OT1/cmr/m/n --> OT1/pxr/m/n on input line 21.
LaTeX Font Info:    Overwriting symbol font `operators' in version `bold'
(Font)                  OT1/cmr/bx/n --> OT1/pxr/m/n on input line 21.
LaTeX Font Info:    Overwriting symbol font `operators' in version `bold'
(Font)                  OT1/pxr/m/n --> OT1/pxr/bx/n on input line 22.
\symitalic=\mathgroup6
LaTeX Font Info:    Overwriting symbol font `italic' in version `bold'
(Font)                  OT1/pxr/m/it --> OT1/pxr/bx/it on input line 26.
LaTeX Font Info:    Redeclaring math alphabet \mathbf on input line 29.
LaTeX Font Info:    Overwriting math alphabet `\mathbf' in version `normal'
(Font)                  OT1/cmr/bx/n --> OT1/pxr/bx/n on input line 29.
LaTeX Font Info:    Overwriting math alphabet `\mathbf' in version `bold'
(Font)                  OT1/cmr/bx/n --> OT1/pxr/bx/n on input line 29.
LaTeX Font Info:    Redeclaring math alphabet \mathit on input line 30.
LaTeX Font Info:    Overwriting math alphabet `\mathit' in version `normal'
(Font)                  OT1/cmr/m/it --> OT1/pxr/m/it on input line 30.
LaTeX Font Info:    Overwriting math alphabet `\mathit' in version `bold'
(Font)                  OT1/cmr/bx/it --> OT1/pxr/m/it on input line 30.
LaTeX Font Info:    Overwriting math alphabet `\mathit' in version `bold'
(Font)                  OT1/pxr/m/it --> OT1/pxr/bx/it on input line 31.
LaTeX Font Info:    Redeclaring math alphabet \mathsf on input line 40.
LaTeX Font Info:    Overwriting math alphabet `\mathsf' in version `normal'
(Font)                  OT1/cmss/m/n --> OT1/pxss/m/n on input line 40.
LaTeX Font Info:    Overwriting math alphabet `\mathsf' in version `bold'
(Font)                  OT1/cmss/bx/n --> OT1/pxss/m/n on input line 40.
LaTeX Font Info:    Overwriting math alphabet `\mathsf' in version `bold'
(Font)                  OT1/pxss/m/n --> OT1/pxss/b/n on input line 41.
LaTeX Font Info:    Redeclaring math alphabet \mathtt on input line 50.
LaTeX Font Info:    Overwriting math alphabet `\mathtt' in version `normal'
(Font)                  OT1/cmtt/m/n --> OT1/pxtt/m/n on input line 50.
LaTeX Font Info:    Overwriting math alphabet `\mathtt' in version `bold'
(Font)                  OT1/cmtt/m/n --> OT1/pxtt/m/n on input line 50.
LaTeX Font Info:    Overwriting math alphabet `\mathtt' in version `bold'
(Font)                  OT1/pxtt/m/n --> OT1/pxtt/b/n on input line 51.
LaTeX Font Info:    Redeclaring symbol font `letters' on input line 58.
LaTeX Font Info:    Overwriting symbol font `letters' in version `normal'
(Font)                  OML/cmm/m/it --> OML/pxmi/m/it on input line 58.
LaTeX Font Info:    Overwriting symbol font `letters' in version `bold'
(Font)                  OML/cmm/b/it --> OML/pxmi/m/it on input line 58.
LaTeX Font Info:    Overwriting symbol font `letters' in version `bold'
(Font)                  OML/pxmi/m/it --> OML/pxmi/bx/it on input line 59.
\symlettersA=\mathgroup7
LaTeX Font Info:    Overwriting symbol font `lettersA' in version `bold'
(Font)                  U/pxmia/m/it --> U/pxmia/bx/it on input line 67.
LaTeX Font Info:    Redeclaring math alphabet \mathfrak on input line 70.
LaTeX Font Info:    Redeclaring symbol font `symbols' on input line 77.
LaTeX Font Info:    Overwriting symbol font `symbols' in version `normal'
(Font)                  OMS/cmsy/m/n --> OMS/pxsy/m/n on input line 77.
LaTeX Font Info:    Overwriting symbol font `symbols' in version `bold'
(Font)                  OMS/cmsy/b/n --> OMS/pxsy/m/n on input line 77.
LaTeX Font Info:    Overwriting symbol font `symbols' in version `bold'
(Font)                  OMS/pxsy/m/n --> OMS/pxsy/bx/n on input line 78.
LaTeX Font Info:    Redeclaring symbol font `AMSa' on input line 93.
LaTeX Font Info:    Overwriting symbol font `AMSa' in version `normal'
(Font)                  U/msa/m/n --> U/pxsya/m/n on input line 93.
LaTeX Font Info:    Overwriting symbol font `AMSa' in version `bold'
(Font)                  U/msa/m/n --> U/pxsya/m/n on input line 93.
LaTeX Font Info:    Overwriting symbol font `AMSa' in version `bold'
(Font)                  U/pxsya/m/n --> U/pxsya/bx/n on input line 94.
LaTeX Font Info:    Redeclaring symbol font `AMSb' on input line 102.
LaTeX Font Info:    Overwriting symbol font `AMSb' in version `normal'
(Font)                  U/msb/m/n --> U/pxsyb/m/n on input line 102.
LaTeX Font Info:    Overwriting symbol font `AMSb' in version `bold'
(Font)                  U/msb/m/n --> U/pxsyb/m/n on input line 102.
LaTeX Font Info:    Overwriting symbol font `AMSb' in version `bold'
(Font)                  U/pxsyb/m/n --> U/pxsyb/bx/n on input line 103.
\symsymbolsC=\mathgroup8
LaTeX Font Info:    Overwriting symbol font `symbolsC' in version `bold'
(Font)                  U/pxsyc/m/n --> U/pxsyc/bx/n on input line 113.
LaTeX Font Info:    Redeclaring symbol font `largesymbols' on input line 120.
LaTeX Font Info:    Overwriting symbol font `largesymbols' in version `normal'
(Font)                  OMX/cmex/m/n --> OMX/pxex/m/n on input line 120.
LaTeX Font Info:    Overwriting symbol font `largesymbols' in version `bold'
(Font)                  OMX/cmex/m/n --> OMX/pxex/m/n on input line 120.
LaTeX Font Info:    Overwriting symbol font `largesymbols' in version `bold'
(Font)                  OMX/pxex/m/n --> OMX/pxex/bx/n on input line 121.
\symlargesymbolsA=\mathgroup9
LaTeX Font Info:    Overwriting symbol font `largesymbolsA' in version `bold'
(Font)                  U/pxexa/m/n --> U/pxexa/bx/n on input line 129.
LaTeX Font Info:    Redeclaring math symbol \mathsterling on input line 164.
LaTeX Info: Redefining \not on input line 997.
LaTeX Info: Redefining \textsquare on input line 1017.
LaTeX Info: Redefining \openbox on input line 1018.
)
(C:\Users\a.iliopoulos_xe\AppData\Local\Programs\MiKTeX\tex/latex/import\import
.sty
Package: import 2020/04/01  v 6.2
)
(C:\Users\a.iliopoulos_xe\AppData\Local\Programs\MiKTeX\tex/latex/imakeidx\imak
eidx.sty
Package: imakeidx 2016/10/15 v1.3e Package for typesetting indices in a synchro
nous mode

(C:\Users\a.iliopoulos_xe\AppData\Local\Programs\MiKTeX\tex/latex/xkeyval\xkeyv
al.sty
Package: xkeyval 2022/06/16 v2.9 package option processing (HA)

(C:\Users\a.iliopoulos_xe\AppData\Local\Programs\MiKTeX\tex/generic/xkeyval\xke
yval.tex
(C:\Users\a.iliopoulos_xe\AppData\Local\Programs\MiKTeX\tex/generic/xkeyval\xkv
utils.tex
\XKV@toks=\toks35
\XKV@tempa@toks=\toks36
)
\XKV@depth=\count301
File: xkeyval.tex 2014/12/03 v2.7a key=value parser (HA)
))
(C:\Users\a.iliopoulos_xe\AppData\Local\Programs\MiKTeX\tex/latex/tools\multico
l.sty
Package: multicol 2021/11/30 v1.9d multicolumn formatting (FMi)
\c@tracingmulticols=\count302
\mult@box=\box64
\multicol@leftmargin=\dimen181
\c@unbalance=\count303
\c@collectmore=\count304
\doublecol@number=\count305
\multicoltolerance=\count306
\multicolpretolerance=\count307
\full@width=\dimen182
\page@free=\dimen183
\premulticols=\dimen184
\postmulticols=\dimen185
\multicolsep=\skip72
\multicolbaselineskip=\skip73
\partial@page=\box65
\last@line=\box66
\maxbalancingoverflow=\dimen186
\mult@rightbox=\box67
\mult@grightbox=\box68
\mult@firstbox=\box69
\mult@gfirstbox=\box70
\@tempa=\box71
\@tempa=\box72
\@tempa=\box73
\@tempa=\box74
\@tempa=\box75
\@tempa=\box76
\@tempa=\box77
\@tempa=\box78
\@tempa=\box79
\@tempa=\box80
\@tempa=\box81
\@tempa=\box82
\@tempa=\box83
\@tempa=\box84
\@tempa=\box85
\@tempa=\box86
\@tempa=\box87
\@tempa=\box88
\@tempa=\box89
\@tempa=\box90
\@tempa=\box91
\@tempa=\box92
\@tempa=\box93
\@tempa=\box94
\@tempa=\box95
\@tempa=\box96
\@tempa=\box97
\@tempa=\box98
\@tempa=\box99
\@tempa=\box100
\@tempa=\box101
\@tempa=\box102
\@tempa=\box103
\@tempa=\box104
\@tempa=\box105
\@tempa=\box106
\c@minrows=\count308
\c@columnbadness=\count309
\c@finalcolumnbadness=\count310
\last@try=\dimen187
\multicolovershoot=\dimen188
\multicolundershoot=\dimen189
\mult@nat@firstbox=\box107
\colbreak@box=\box108
\mc@col@check@num=\count311
))
(C:\Users\a.iliopoulos_xe\AppData\Local\Programs\MiKTeX\tex/latex/pgf/frontendl
ayer\tikz.sty
(C:\Users\a.iliopoulos_xe\AppData\Local\Programs\MiKTeX\tex/latex/pgf/basiclaye
r\pgf.sty
(C:\Users\a.iliopoulos_xe\AppData\Local\Programs\MiKTeX\tex/latex/pgf/utilities
\pgfrcs.sty
(C:\Users\a.iliopoulos_xe\AppData\Local\Programs\MiKTeX\tex/generic/pgf/utiliti
es\pgfutil-common.tex
\pgfutil@everybye=\toks37
\pgfutil@tempdima=\dimen190
\pgfutil@tempdimb=\dimen191

(C:\Users\a.iliopoulos_xe\AppData\Local\Programs\MiKTeX\tex/generic/pgf/utiliti
es\pgfutil-common-lists.tex))
(C:\Users\a.iliopoulos_xe\AppData\Local\Programs\MiKTeX\tex/generic/pgf/utiliti
es\pgfutil-latex.def
\pgfutil@abb=\box109
)
(C:\Users\a.iliopoulos_xe\AppData\Local\Programs\MiKTeX\tex/generic/pgf/utiliti
es\pgfrcs.code.tex
(C:\Users\a.iliopoulos_xe\AppData\Local\Programs\MiKTeX\tex/generic/pgf\pgf.rev
ision.tex)
Package: pgfrcs 2021/05/15 v3.1.9a (3.1.9a)
))
Package: pgf 2021/05/15 v3.1.9a (3.1.9a)

(C:\Users\a.iliopoulos_xe\AppData\Local\Programs\MiKTeX\tex/latex/pgf/basiclaye
r\pgfcore.sty
(C:\Users\a.iliopoulos_xe\AppData\Local\Programs\MiKTeX\tex/latex/pgf/systemlay
er\pgfsys.sty
(C:\Users\a.iliopoulos_xe\AppData\Local\Programs\MiKTeX\tex/generic/pgf/systeml
ayer\pgfsys.code.tex
Package: pgfsys 2021/05/15 v3.1.9a (3.1.9a)

(C:\Users\a.iliopoulos_xe\AppData\Local\Programs\MiKTeX\tex/generic/pgf/utiliti
es\pgfkeys.code.tex
\pgfkeys@pathtoks=\toks38
\pgfkeys@temptoks=\toks39

(C:\Users\a.iliopoulos_xe\AppData\Local\Programs\MiKTeX\tex/generic/pgf/utiliti
es\pgfkeysfiltered.code.tex
\pgfkeys@tmptoks=\toks40
))
\pgf@x=\dimen192
\pgf@y=\dimen193
\pgf@xa=\dimen194
\pgf@ya=\dimen195
\pgf@xb=\dimen196
\pgf@yb=\dimen197
\pgf@xc=\dimen198
\pgf@yc=\dimen199
\pgf@xd=\dimen256
\pgf@yd=\dimen257
\w@pgf@writea=\write3
\r@pgf@reada=\read2
\c@pgf@counta=\count312
\c@pgf@countb=\count313
\c@pgf@countc=\count314
\c@pgf@countd=\count315
\t@pgf@toka=\toks41
\t@pgf@tokb=\toks42
\t@pgf@tokc=\toks43
\pgf@sys@id@count=\count316

(C:\Users\a.iliopoulos_xe\AppData\Local\Programs\MiKTeX\tex/generic/pgf/systeml
ayer\pgf.cfg
File: pgf.cfg 2021/05/15 v3.1.9a (3.1.9a)
)
Driver file for pgf: pgfsys-xetex.def

(C:\Users\a.iliopoulos_xe\AppData\Local\Programs\MiKTeX\tex/generic/pgf/systeml
ayer\pgfsys-xetex.def
File: pgfsys-xetex.def 2021/05/15 v3.1.9a (3.1.9a)

(C:\Users\a.iliopoulos_xe\AppData\Local\Programs\MiKTeX\tex/generic/pgf/systeml
ayer\pgfsys-dvipdfmx.def
File: pgfsys-dvipdfmx.def 2021/05/15 v3.1.9a (3.1.9a)

(C:\Users\a.iliopoulos_xe\AppData\Local\Programs\MiKTeX\tex/generic/pgf/systeml
ayer\pgfsys-common-pdf.def
File: pgfsys-common-pdf.def 2021/05/15 v3.1.9a (3.1.9a)
)
\pgfsys@objnum=\count317
)))
(C:\Users\a.iliopoulos_xe\AppData\Local\Programs\MiKTeX\tex/generic/pgf/systeml
ayer\pgfsyssoftpath.code.tex
File: pgfsyssoftpath.code.tex 2021/05/15 v3.1.9a (3.1.9a)
\pgfsyssoftpath@smallbuffer@items=\count318
\pgfsyssoftpath@bigbuffer@items=\count319
)
(C:\Users\a.iliopoulos_xe\AppData\Local\Programs\MiKTeX\tex/generic/pgf/systeml
ayer\pgfsysprotocol.code.tex
File: pgfsysprotocol.code.tex 2021/05/15 v3.1.9a (3.1.9a)
))
(C:\Users\a.iliopoulos_xe\AppData\Local\Programs\MiKTeX\tex/latex/xcolor\xcolor
.sty
Package: xcolor 2022/06/12 v2.14 LaTeX color extensions (UK)

(C:\Users\a.iliopoulos_xe\AppData\Local\Programs\MiKTeX\tex/latex/graphics-cfg\
color.cfg
File: color.cfg 2016/01/02 v1.6 sample color configuration
)
Package xcolor Info: Driver file: xetex.def on input line 227.
LaTeX Info: Redefining \color on input line 711.

(C:\Users\a.iliopoulos_xe\AppData\Local\Programs\MiKTeX\tex/latex/graphics\math
color.ltx)
Package xcolor Info: Model `cmy' substituted by `cmy0' on input line 1353.
Package xcolor Info: Model `RGB' extended on input line 1369.
Package xcolor Info: Model `HTML' substituted by `rgb' on input line 1371.
Package xcolor Info: Model `Hsb' substituted by `hsb' on input line 1372.
Package xcolor Info: Model `tHsb' substituted by `hsb' on input line 1373.
Package xcolor Info: Model `HSB' substituted by `hsb' on input line 1374.
Package xcolor Info: Model `Gray' substituted by `gray' on input line 1375.
Package xcolor Info: Model `wave' substituted by `hsb' on input line 1376.
)
(C:\Users\a.iliopoulos_xe\AppData\Local\Programs\MiKTeX\tex/generic/pgf/basicla
yer\pgfcore.code.tex
Package: pgfcore 2021/05/15 v3.1.9a (3.1.9a)

(C:\Users\a.iliopoulos_xe\AppData\Local\Programs\MiKTeX\tex/generic/pgf/math\pg
fmath.code.tex
(C:\Users\a.iliopoulos_xe\AppData\Local\Programs\MiKTeX\tex/generic/pgf/math\pg
fmathcalc.code.tex
(C:\Users\a.iliopoulos_xe\AppData\Local\Programs\MiKTeX\tex/generic/pgf/math\pg
fmathutil.code.tex)
(C:\Users\a.iliopoulos_xe\AppData\Local\Programs\MiKTeX\tex/generic/pgf/math\pg
fmathparser.code.tex
\pgfmath@dimen=\dimen258
\pgfmath@count=\count320
\pgfmath@box=\box110
\pgfmath@toks=\toks44
\pgfmath@stack@operand=\toks45
\pgfmath@stack@operation=\toks46
)
(C:\Users\a.iliopoulos_xe\AppData\Local\Programs\MiKTeX\tex/generic/pgf/math\pg
fmathfunctions.code.tex
(C:\Users\a.iliopoulos_xe\AppData\Local\Programs\MiKTeX\tex/generic/pgf/math\pg
fmathfunctions.basic.code.tex)
(C:\Users\a.iliopoulos_xe\AppData\Local\Programs\MiKTeX\tex/generic/pgf/math\pg
fmathfunctions.trigonometric.code.tex)
(C:\Users\a.iliopoulos_xe\AppData\Local\Programs\MiKTeX\tex/generic/pgf/math\pg
fmathfunctions.random.code.tex)
(C:\Users\a.iliopoulos_xe\AppData\Local\Programs\MiKTeX\tex/generic/pgf/math\pg
fmathfunctions.comparison.code.tex)
(C:\Users\a.iliopoulos_xe\AppData\Local\Programs\MiKTeX\tex/generic/pgf/math\pg
fmathfunctions.base.code.tex)
(C:\Users\a.iliopoulos_xe\AppData\Local\Programs\MiKTeX\tex/generic/pgf/math\pg
fmathfunctions.round.code.tex)
(C:\Users\a.iliopoulos_xe\AppData\Local\Programs\MiKTeX\tex/generic/pgf/math\pg
fmathfunctions.misc.code.tex)
(C:\Users\a.iliopoulos_xe\AppData\Local\Programs\MiKTeX\tex/generic/pgf/math\pg
fmathfunctions.integerarithmetics.code.tex)))
(C:\Users\a.iliopoulos_xe\AppData\Local\Programs\MiKTeX\tex/generic/pgf/math\pg
fmathfloat.code.tex
\c@pgfmathroundto@lastzeros=\count321
))
(C:\Users\a.iliopoulos_xe\AppData\Local\Programs\MiKTeX\tex/generic/pgf/math\pg
fint.code.tex)
(C:\Users\a.iliopoulos_xe\AppData\Local\Programs\MiKTeX\tex/generic/pgf/basicla
yer\pgfcorepoints.code.tex
File: pgfcorepoints.code.tex 2021/05/15 v3.1.9a (3.1.9a)
\pgf@picminx=\dimen259
\pgf@picmaxx=\dimen260
\pgf@picminy=\dimen261
\pgf@picmaxy=\dimen262
\pgf@pathminx=\dimen263
\pgf@pathmaxx=\dimen264
\pgf@pathminy=\dimen265
\pgf@pathmaxy=\dimen266
\pgf@xx=\dimen267
\pgf@xy=\dimen268
\pgf@yx=\dimen269
\pgf@yy=\dimen270
\pgf@zx=\dimen271
\pgf@zy=\dimen272
)
(C:\Users\a.iliopoulos_xe\AppData\Local\Programs\MiKTeX\tex/generic/pgf/basicla
yer\pgfcorepathconstruct.code.tex
File: pgfcorepathconstruct.code.tex 2021/05/15 v3.1.9a (3.1.9a)
\pgf@path@lastx=\dimen273
\pgf@path@lasty=\dimen274
)
(C:\Users\a.iliopoulos_xe\AppData\Local\Programs\MiKTeX\tex/generic/pgf/basicla
yer\pgfcorepathusage.code.tex
File: pgfcorepathusage.code.tex 2021/05/15 v3.1.9a (3.1.9a)
\pgf@shorten@end@additional=\dimen275
\pgf@shorten@start@additional=\dimen276
)
(C:\Users\a.iliopoulos_xe\AppData\Local\Programs\MiKTeX\tex/generic/pgf/basicla
yer\pgfcorescopes.code.tex
File: pgfcorescopes.code.tex 2021/05/15 v3.1.9a (3.1.9a)
\pgfpic=\box111
\pgf@hbox=\box112
\pgf@layerbox@main=\box113
\pgf@picture@serial@count=\count322
)
(C:\Users\a.iliopoulos_xe\AppData\Local\Programs\MiKTeX\tex/generic/pgf/basicla
yer\pgfcoregraphicstate.code.tex
File: pgfcoregraphicstate.code.tex 2021/05/15 v3.1.9a (3.1.9a)
\pgflinewidth=\dimen277
)
(C:\Users\a.iliopoulos_xe\AppData\Local\Programs\MiKTeX\tex/generic/pgf/basicla
yer\pgfcoretransformations.code.tex
File: pgfcoretransformations.code.tex 2021/05/15 v3.1.9a (3.1.9a)
\pgf@pt@x=\dimen278
\pgf@pt@y=\dimen279
\pgf@pt@temp=\dimen280
)
(C:\Users\a.iliopoulos_xe\AppData\Local\Programs\MiKTeX\tex/generic/pgf/basicla
yer\pgfcorequick.code.tex
File: pgfcorequick.code.tex 2021/05/15 v3.1.9a (3.1.9a)
)
(C:\Users\a.iliopoulos_xe\AppData\Local\Programs\MiKTeX\tex/generic/pgf/basicla
yer\pgfcoreobjects.code.tex
File: pgfcoreobjects.code.tex 2021/05/15 v3.1.9a (3.1.9a)
)
(C:\Users\a.iliopoulos_xe\AppData\Local\Programs\MiKTeX\tex/generic/pgf/basicla
yer\pgfcorepathprocessing.code.tex
File: pgfcorepathprocessing.code.tex 2021/05/15 v3.1.9a (3.1.9a)
)
(C:\Users\a.iliopoulos_xe\AppData\Local\Programs\MiKTeX\tex/generic/pgf/basicla
yer\pgfcorearrows.code.tex
File: pgfcorearrows.code.tex 2021/05/15 v3.1.9a (3.1.9a)
\pgfarrowsep=\dimen281
)
(C:\Users\a.iliopoulos_xe\AppData\Local\Programs\MiKTeX\tex/generic/pgf/basicla
yer\pgfcoreshade.code.tex
File: pgfcoreshade.code.tex 2021/05/15 v3.1.9a (3.1.9a)
\pgf@max=\dimen282
\pgf@sys@shading@range@num=\count323
\pgf@shadingcount=\count324
)
(C:\Users\a.iliopoulos_xe\AppData\Local\Programs\MiKTeX\tex/generic/pgf/basicla
yer\pgfcoreimage.code.tex
File: pgfcoreimage.code.tex 2021/05/15 v3.1.9a (3.1.9a)

(C:\Users\a.iliopoulos_xe\AppData\Local\Programs\MiKTeX\tex/generic/pgf/basicla
yer\pgfcoreexternal.code.tex
File: pgfcoreexternal.code.tex 2021/05/15 v3.1.9a (3.1.9a)
\pgfexternal@startupbox=\box114
))
(C:\Users\a.iliopoulos_xe\AppData\Local\Programs\MiKTeX\tex/generic/pgf/basicla
yer\pgfcorelayers.code.tex
File: pgfcorelayers.code.tex 2021/05/15 v3.1.9a (3.1.9a)
)
(C:\Users\a.iliopoulos_xe\AppData\Local\Programs\MiKTeX\tex/generic/pgf/basicla
yer\pgfcoretransparency.code.tex
File: pgfcoretransparency.code.tex 2021/05/15 v3.1.9a (3.1.9a)
)
(C:\Users\a.iliopoulos_xe\AppData\Local\Programs\MiKTeX\tex/generic/pgf/basicla
yer\pgfcorepatterns.code.tex
File: pgfcorepatterns.code.tex 2021/05/15 v3.1.9a (3.1.9a)
)
(C:\Users\a.iliopoulos_xe\AppData\Local\Programs\MiKTeX\tex/generic/pgf/basicla
yer\pgfcorerdf.code.tex
File: pgfcorerdf.code.tex 2021/05/15 v3.1.9a (3.1.9a)
)))
(C:\Users\a.iliopoulos_xe\AppData\Local\Programs\MiKTeX\tex/generic/pgf/modules
\pgfmoduleshapes.code.tex
File: pgfmoduleshapes.code.tex 2021/05/15 v3.1.9a (3.1.9a)
\pgfnodeparttextbox=\box115
)
(C:\Users\a.iliopoulos_xe\AppData\Local\Programs\MiKTeX\tex/generic/pgf/modules
\pgfmoduleplot.code.tex
File: pgfmoduleplot.code.tex 2021/05/15 v3.1.9a (3.1.9a)
)
(C:\Users\a.iliopoulos_xe\AppData\Local\Programs\MiKTeX\tex/latex/pgf/compatibi
lity\pgfcomp-version-0-65.sty
Package: pgfcomp-version-0-65 2021/05/15 v3.1.9a (3.1.9a)
\pgf@nodesepstart=\dimen283
\pgf@nodesepend=\dimen284
)
(C:\Users\a.iliopoulos_xe\AppData\Local\Programs\MiKTeX\tex/latex/pgf/compatibi
lity\pgfcomp-version-1-18.sty
Package: pgfcomp-version-1-18 2021/05/15 v3.1.9a (3.1.9a)
))
(C:\Users\a.iliopoulos_xe\AppData\Local\Programs\MiKTeX\tex/latex/pgf/utilities
\pgffor.sty
(C:\Users\a.iliopoulos_xe\AppData\Local\Programs\MiKTeX\tex/latex/pgf/utilities
\pgfkeys.sty
(C:\Users\a.iliopoulos_xe\AppData\Local\Programs\MiKTeX\tex/generic/pgf/utiliti
es\pgfkeys.code.tex))
(C:\Users\a.iliopoulos_xe\AppData\Local\Programs\MiKTeX\tex/latex/pgf/math\pgfm
ath.sty
(C:\Users\a.iliopoulos_xe\AppData\Local\Programs\MiKTeX\tex/generic/pgf/math\pg
fmath.code.tex))
(C:\Users\a.iliopoulos_xe\AppData\Local\Programs\MiKTeX\tex/generic/pgf/utiliti
es\pgffor.code.tex
Package: pgffor 2021/05/15 v3.1.9a (3.1.9a)

(C:\Users\a.iliopoulos_xe\AppData\Local\Programs\MiKTeX\tex/generic/pgf/math\pg
fmath.code.tex)
\pgffor@iter=\dimen285
\pgffor@skip=\dimen286
\pgffor@stack=\toks47
\pgffor@toks=\toks48
))
(C:\Users\a.iliopoulos_xe\AppData\Local\Programs\MiKTeX\tex/generic/pgf/fronten
dlayer/tikz\tikz.code.tex
Package: tikz 2021/05/15 v3.1.9a (3.1.9a)

(C:\Users\a.iliopoulos_xe\AppData\Local\Programs\MiKTeX\tex/generic/pgf/librari
es\pgflibraryplothandlers.code.tex
File: pgflibraryplothandlers.code.tex 2021/05/15 v3.1.9a (3.1.9a)
\pgf@plot@mark@count=\count325
\pgfplotmarksize=\dimen287
)
\tikz@lastx=\dimen288
\tikz@lasty=\dimen289
\tikz@lastxsaved=\dimen290
\tikz@lastysaved=\dimen291
\tikz@lastmovetox=\dimen292
\tikz@lastmovetoy=\dimen293
\tikzleveldistance=\dimen294
\tikzsiblingdistance=\dimen295
\tikz@figbox=\box116
\tikz@figbox@bg=\box117
\tikz@tempbox=\box118
\tikz@tempbox@bg=\box119
\tikztreelevel=\count326
\tikznumberofchildren=\count327
\tikznumberofcurrentchild=\count328
\tikz@fig@count=\count329

(C:\Users\a.iliopoulos_xe\AppData\Local\Programs\MiKTeX\tex/generic/pgf/modules
\pgfmodulematrix.code.tex
File: pgfmodulematrix.code.tex 2021/05/15 v3.1.9a (3.1.9a)
\pgfmatrixcurrentrow=\count330
\pgfmatrixcurrentcolumn=\count331
\pgf@matrix@numberofcolumns=\count332
)
\tikz@expandcount=\count333

(C:\Users\a.iliopoulos_xe\AppData\Local\Programs\MiKTeX\tex/generic/pgf/fronten
dlayer/tikz/libraries\tikzlibrarytopaths.code.tex
File: tikzlibrarytopaths.code.tex 2021/05/15 v3.1.9a (3.1.9a)
)))
(C:\Users\a.iliopoulos_xe\AppData\Local\Programs\MiKTeX\tex/generic/pgf/fronten
dlayer/tikz/libraries\tikzlibraryarrows.code.tex
File: tikzlibraryarrows.code.tex 2021/05/15 v3.1.9a (3.1.9a)

(C:\Users\a.iliopoulos_xe\AppData\Local\Programs\MiKTeX\tex/generic/pgf/librari
es\pgflibraryarrows.code.tex
File: pgflibraryarrows.code.tex 2021/05/15 v3.1.9a (3.1.9a)
\arrowsize=\dimen296
))
(C:\Users\a.iliopoulos_xe\AppData\Local\Programs\MiKTeX\tex/generic/pgf/fronten
dlayer/tikz/libraries\tikzlibraryshapes.code.tex
File: tikzlibraryshapes.code.tex 2021/05/15 v3.1.9a (3.1.9a)

(C:\Users\a.iliopoulos_xe\AppData\Local\Programs\MiKTeX\tex/generic/pgf/fronten
dlayer/tikz/libraries\tikzlibraryshapes.geometric.code.tex
File: tikzlibraryshapes.geometric.code.tex 2021/05/15 v3.1.9a (3.1.9a)

(C:\Users\a.iliopoulos_xe\AppData\Local\Programs\MiKTeX\tex/generic/pgf/librari
es/shapes\pgflibraryshapes.geometric.code.tex
File: pgflibraryshapes.geometric.code.tex 2021/05/15 v3.1.9a (3.1.9a)
))
(C:\Users\a.iliopoulos_xe\AppData\Local\Programs\MiKTeX\tex/generic/pgf/fronten
dlayer/tikz/libraries\tikzlibraryshapes.misc.code.tex
File: tikzlibraryshapes.misc.code.tex 2021/05/15 v3.1.9a (3.1.9a)

(C:\Users\a.iliopoulos_xe\AppData\Local\Programs\MiKTeX\tex/generic/pgf/librari
es/shapes\pgflibraryshapes.misc.code.tex
File: pgflibraryshapes.misc.code.tex 2021/05/15 v3.1.9a (3.1.9a)
))
(C:\Users\a.iliopoulos_xe\AppData\Local\Programs\MiKTeX\tex/generic/pgf/fronten
dlayer/tikz/libraries\tikzlibraryshapes.symbols.code.tex
File: tikzlibraryshapes.symbols.code.tex 2021/05/15 v3.1.9a (3.1.9a)

(C:\Users\a.iliopoulos_xe\AppData\Local\Programs\MiKTeX\tex/generic/pgf/librari
es/shapes\pgflibraryshapes.symbols.code.tex
File: pgflibraryshapes.symbols.code.tex 2021/05/15 v3.1.9a (3.1.9a)
))
(C:\Users\a.iliopoulos_xe\AppData\Local\Programs\MiKTeX\tex/generic/pgf/fronten
dlayer/tikz/libraries\tikzlibraryshapes.arrows.code.tex
File: tikzlibraryshapes.arrows.code.tex 2021/05/15 v3.1.9a (3.1.9a)

(C:\Users\a.iliopoulos_xe\AppData\Local\Programs\MiKTeX\tex/generic/pgf/librari
es/shapes\pgflibraryshapes.arrows.code.tex
File: pgflibraryshapes.arrows.code.tex 2021/05/15 v3.1.9a (3.1.9a)
))
(C:\Users\a.iliopoulos_xe\AppData\Local\Programs\MiKTeX\tex/generic/pgf/fronten
dlayer/tikz/libraries\tikzlibraryshapes.callouts.code.tex
(C:\Users\a.iliopoulos_xe\AppData\Local\Programs\MiKTeX\tex/generic/pgf/librari
es/shapes\pgflibraryshapes.callouts.code.tex))
(C:\Users\a.iliopoulos_xe\AppData\Local\Programs\MiKTeX\tex/generic/pgf/fronten
dlayer/tikz/libraries\tikzlibraryshapes.multipart.code.tex
File: tikzlibraryshapes.multipart.code.tex 2021/05/15 v3.1.9a (3.1.9a)

(C:\Users\a.iliopoulos_xe\AppData\Local\Programs\MiKTeX\tex/generic/pgf/librari
es/shapes\pgflibraryshapes.multipart.code.tex
File: pgflibraryshapes.multipart.code.tex 2021/05/15 v3.1.9a (3.1.9a)
\pgfnodepartlowerbox=\box120
\pgfnodeparttwobox=\box121
\pgfnodepartthreebox=\box122
\pgfnodepartfourbox=\box123
\pgfnodeparttwentybox=\box124
\pgfnodepartnineteenbox=\box125
\pgfnodeparteighteenbox=\box126
\pgfnodepartseventeenbox=\box127
\pgfnodepartsixteenbox=\box128
\pgfnodepartfifteenbox=\box129
\pgfnodepartfourteenbox=\box130
\pgfnodepartthirteenbox=\box131
\pgfnodeparttwelvebox=\box132
\pgfnodepartelevenbox=\box133
\pgfnodeparttenbox=\box134
\pgfnodepartninebox=\box135
\pgfnodeparteightbox=\box136
\pgfnodepartsevenbox=\box137
\pgfnodepartsixbox=\box138
\pgfnodepartfivebox=\box139
)))
(C:\Users\a.iliopoulos_xe\AppData\Local\Programs\MiKTeX\tex/generic/pgf/fronten
dlayer/tikz/libraries\tikzlibrarypositioning.code.tex
File: tikzlibrarypositioning.code.tex 2021/05/15 v3.1.9a (3.1.9a)
)
(C:\Users\a.iliopoulos_xe\AppData\Local\Programs\MiKTeX\tex/generic/pgf/fronten
dlayer/tikz/libraries\tikzlibrarycalc.code.tex
File: tikzlibrarycalc.code.tex 2021/05/15 v3.1.9a (3.1.9a)
)
(C:\Users\a.iliopoulos_xe\AppData\Local\Programs\MiKTeX\tex/latex/ulem\ulem.sty
\UL@box=\box140
\UL@hyphenbox=\box141
\UL@skip=\skip74
\UL@hook=\toks49
\UL@height=\dimen297
\UL@pe=\count334
\UL@pixel=\dimen298
\ULC@box=\box142
Package: ulem 2019/11/18
\ULdepth=\dimen299
)
(C:\Users\a.iliopoulos_xe\AppData\Local\Programs\MiKTeX\tex/latex/setspace\sets
pace.sty
Package: setspace 2022/12/04 v6.7b set line spacing
)
(C:\Users\a.iliopoulos_xe\AppData\Local\Programs\MiKTeX\tex/latex/parskip\parsk
ip.sty
Package: parskip 2021-03-14 v2.0h non-zero parskip adjustments

(C:\Users\a.iliopoulos_xe\AppData\Local\Programs\MiKTeX\tex/latex/kvoptions\kvo
ptions.sty
Package: kvoptions 2022-06-15 v3.15 Key value format for package options (HO)

(C:\Users\a.iliopoulos_xe\AppData\Local\Programs\MiKTeX\tex/generic/ltxcmds\ltx
cmds.sty
Package: ltxcmds 2020-05-10 v1.25 LaTeX kernel commands for general use (HO)
)
(C:\Users\a.iliopoulos_xe\AppData\Local\Programs\MiKTeX\tex/latex/kvsetkeys\kvs
etkeys.sty
Package: kvsetkeys 2022-10-05 v1.19 Key value parser (HO)
))
(C:\Users\a.iliopoulos_xe\AppData\Local\Programs\MiKTeX\tex/latex/etoolbox\etoo
lbox.sty
Package: etoolbox 2020/10/05 v2.5k e-TeX tools for LaTeX (JAW)
\etb@tempcnta=\count335
))
(C:\Users\a.iliopoulos_xe\AppData\Local\Programs\MiKTeX\tex/latex/caption\capti
on.sty
Package: caption 2022/03/01 v3.6b Customizing captions (AR)

(C:\Users\a.iliopoulos_xe\AppData\Local\Programs\MiKTeX\tex/latex/caption\capti
on3.sty
Package: caption3 2022/03/17 v2.3b caption3 kernel (AR)
\caption@tempdima=\dimen300
\captionmargin=\dimen301
\caption@leftmargin=\dimen302
\caption@rightmargin=\dimen303
\caption@width=\dimen304
\caption@indent=\dimen305
\caption@parindent=\dimen306
\caption@hangindent=\dimen307
Package caption Info: Standard document class detected.
)
\c@caption@flags=\count336
\c@continuedfloat=\count337
Package caption Info: listings package is loaded.
)
(C:\Users\a.iliopoulos_xe\AppData\Local\Programs\MiKTeX\tex/latex/caption\subca
ption.sty
Package: subcaption 2022/01/07 v1.5 Sub-captions (AR)
\c@subfigure=\count338
\c@subtable=\count339
)
(C:\Users\a.iliopoulos_xe\AppData\Local\Programs\MiKTeX\tex/latex/float\float.s
ty
Package: float 2001/11/08 v1.3d Float enhancements (AL)
\c@float@type=\count340
\float@exts=\toks50
\float@box=\box143
\@float@everytoks=\toks51
\@floatcapt=\box144
)
\Master_eng_Thesis_Anastasios_Iliopoulos@idxfile=\write4
\openout4 = `Master_eng_Thesis_Anastasios_Iliopoulos.idx'.


Writing index file Master_eng_Thesis_Anastasios_Iliopoulos.idx

Package fontspec Info: Font family 'CourierNew(0)' created for font 'Courier
(fontspec)             New' with options [Scale=0.8].
(fontspec)              
(fontspec)              This font family consists of the following NFSS
(fontspec)             series/shapes:
(fontspec)              
(fontspec)             - 'normal' (m/n) with NFSS spec.: <->s*[0.8]"Courier
(fontspec)             New/OT:script=latn;language=dflt;"
(fontspec)             - 'small caps'  (m/sc) with NFSS spec.: 
(fontspec)             - 'bold' (b/n) with NFSS spec.: <->s*[0.8]"Courier
(fontspec)             New/B/OT:script=latn;language=dflt;"
(fontspec)             - 'bold small caps'  (b/sc) with NFSS spec.: 
(fontspec)             - 'italic' (m/it) with NFSS spec.: <->s*[0.8]"Courier
(fontspec)             New/I/OT:script=latn;language=dflt;"
(fontspec)             - 'italic small caps'  (m/scit) with NFSS spec.: 
(fontspec)             - 'bold italic' (b/it) with NFSS spec.:
(fontspec)             <->s*[0.8]"Courier
(fontspec)             New/BI/OT:script=latn;language=dflt;"
(fontspec)             - 'bold italic small caps'  (b/scit) with NFSS spec.: 


(C:\Users\a.iliopoulos_xe\AppData\Local\Programs\MiKTeX\tex/latex/listings\lstl
ang1.sty
File: lstlang1.sty 2020/03/24 1.8d listings language file
)
\c@theorem=\count341

Package fontspec Info: Font family 'Calibri(0)' created for font 'Calibri'
(fontspec)             with options [Ligatures=TeX,Ligatures=TeX].
(fontspec)              
(fontspec)              This font family consists of the following NFSS
(fontspec)             series/shapes:
(fontspec)              
(fontspec)             - 'normal' (m/n) with NFSS spec.:
(fontspec)             <->"Calibri/OT:script=latn;language=dflt;mapping=tex-tex
t;"
(fontspec)             - 'small caps'  (m/sc) with NFSS spec.:
(fontspec)             <->"Calibri/OT:script=latn;language=dflt;+smcp;mapping=t
ex-text;"
(fontspec)             - 'bold' (b/n) with NFSS spec.:
(fontspec)             <->"Calibri/B/OT:script=latn;language=dflt;mapping=tex-t
ext;"
(fontspec)             - 'bold small caps'  (b/sc) with NFSS spec.:
(fontspec)             <->"Calibri/B/OT:script=latn;language=dflt;+smcp;mapping
=tex-text;"
(fontspec)             - 'italic' (m/it) with NFSS spec.:
(fontspec)             <->"Calibri/I/OT:script=latn;language=dflt;mapping=tex-t
ext;"
(fontspec)             - 'italic small caps'  (m/scit) with NFSS spec.:
(fontspec)             <->"Calibri/I/OT:script=latn;language=dflt;+smcp;mapping
=tex-text;"
(fontspec)             - 'bold italic' (b/it) with NFSS spec.:
(fontspec)             <->"Calibri/BI/OT:script=latn;language=dflt;mapping=tex-
text;"
(fontspec)             - 'bold italic small caps'  (b/scit) with NFSS spec.:
(fontspec)             <->"Calibri/BI/OT:script=latn;language=dflt;+smcp;mappin
g=tex-text;"



Package fancyhdr Warning: \fancyhead's `E' option without twoside option is use
less.
(fancyhdr)                Please consider using the `twoside' option on input l
ine 227.

\c@thewrima=\count342
\c@askisi=\count343
(Master_eng_Thesis_Anastasios_Iliopoulos.aux)
\openout1 = `Master_eng_Thesis_Anastasios_Iliopoulos.aux'.

LaTeX Font Info:    Checking defaults for OML/pxmi/m/it on input line 383.
LaTeX Font Info:    Trying to load font information for OML+pxmi on input line 
383.

(C:\Users\a.iliopoulos_xe\AppData\Local\Programs\MiKTeX\tex/latex/pxfonts\omlpx
mi.fd
File: omlpxmi.fd 2000/12/14 v1.0
)
LaTeX Font Info:    ... okay on input line 383.
LaTeX Font Info:    Checking defaults for OMS/pxsy/m/n on input line 383.
LaTeX Font Info:    Trying to load font information for OMS+pxsy on input line 
383.

(C:\Users\a.iliopoulos_xe\AppData\Local\Programs\MiKTeX\tex/latex/pxfonts\omspx
sy.fd
File: omspxsy.fd 2000/12/14 v1.0
)
LaTeX Font Info:    ... okay on input line 383.
LaTeX Font Info:    Checking defaults for OT1/cmr/m/n on input line 383.
LaTeX Font Info:    ... okay on input line 383.
LaTeX Font Info:    Checking defaults for T1/cmr/m/n on input line 383.
LaTeX Font Info:    ... okay on input line 383.
LaTeX Font Info:    Checking defaults for TS1/cmr/m/n on input line 383.
LaTeX Font Info:    Trying to load font information for TS1+cmr on input line 3
83.

(C:\Users\a.iliopoulos_xe\AppData\Local\Programs\MiKTeX\tex/latex/base\ts1cmr.f
d
File: ts1cmr.fd 2022/07/10 v2.5l Standard LaTeX font definitions
)
LaTeX Font Info:    ... okay on input line 383.
LaTeX Font Info:    Checking defaults for TU/lmr/m/n on input line 383.
LaTeX Font Info:    ... okay on input line 383.
LaTeX Font Info:    Checking defaults for OMX/pxex/m/n on input line 383.
LaTeX Font Info:    Trying to load font information for OMX+pxex on input line 
383.

(C:\Users\a.iliopoulos_xe\AppData\Local\Programs\MiKTeX\tex/latex/pxfonts\omxpx
ex.fd
File: omxpxex.fd 2000/12/14 v1.0
)
LaTeX Font Info:    ... okay on input line 383.
LaTeX Font Info:    Checking defaults for U/pxexa/m/n on input line 383.
LaTeX Font Info:    Trying to load font information for U+pxexa on input line 3
83.

(C:\Users\a.iliopoulos_xe\AppData\Local\Programs\MiKTeX\tex/latex/pxfonts\upxex
a.fd
File: upxexa.fd 2000/12/14 v1.0
)
LaTeX Font Info:    ... okay on input line 383.

*geometry* driver: auto-detecting
*geometry* detected driver: xetex
*geometry* verbose mode - [ preamble ] result:
* driver: xetex
* paper: a4paper
* layout: <same size as paper>
* layoutoffset:(h,v)=(0.0pt,0.0pt)
* modes: 
* h-part:(L,W,R)=(71.13188pt, 469.47049pt, 56.9055pt)
* v-part:(T,H,B)=(56.9055pt, 731.23584pt, 56.9055pt)
* \paperwidth=597.50787pt
* \paperheight=845.04684pt
* \textwidth=469.47049pt
* \textheight=731.23584pt
* \oddsidemargin=-1.1381pt
* \evensidemargin=-1.1381pt
* \topmargin=-52.36449pt
* \headheight=15.0pt
* \headsep=25.0pt
* \topskip=12.0pt
* \footskip=30.0pt
* \marginparwidth=35.0pt
* \marginparsep=10.0pt
* \columnsep=10.0pt
* \skip\footins=10.8pt plus 4.0pt minus 2.0pt
* \hoffset=0.0pt
* \voffset=0.0pt
* \mag=1000
* \@twocolumnfalse
* \@twosidefalse
* \@mparswitchfalse
* \@reversemarginfalse
* (1in=72.27pt=25.4mm, 1cm=28.453pt)

\c@lstlisting=\count344
Package caption Info: Begin \AtBeginDocument code.
Package caption Info: float package is loaded.
Package caption Info: End \AtBeginDocument code.
[1

] (Master_eng_Thesis_Anastasios_Iliopoulos.toc
LaTeX Font Info:    Trying to load font information for OT1+pxr on input line 3
.

(C:\Users\a.iliopoulos_xe\AppData\Local\Programs\MiKTeX\tex/latex/pxfonts\ot1px
r.fd
File: ot1pxr.fd 2000/12/14 v1.0
)
LaTeX Font Info:    Trying to load font information for U+pxsya on input line 3
.

(C:\Users\a.iliopoulos_xe\AppData\Local\Programs\MiKTeX\tex/latex/pxfonts\upxsy
a.fd
File: upxsya.fd 2000/12/14 v1.0
)
LaTeX Font Info:    Trying to load font information for U+pxsyb on input line 3
.

(C:\Users\a.iliopoulos_xe\AppData\Local\Programs\MiKTeX\tex/latex/pxfonts\upxsy
b.fd
File: utxsyb.fd 2000/12/14 v1.0
)
LaTeX Font Info:    Trying to load font information for U+pxmia on input line 3
.

(C:\Users\a.iliopoulos_xe\AppData\Local\Programs\MiKTeX\tex/latex/pxfonts\upxmi
a.fd
File: upxmia.fd 2000/12/14 v1.0
)
LaTeX Font Info:    Trying to load font information for U+pxsyc on input line 3
.

(C:\Users\a.iliopoulos_xe\AppData\Local\Programs\MiKTeX\tex/latex/pxfonts\upxsy
c.fd
File: upxsyc.fd 2000/12/14 v1.0
) [1

])
\tf@toc=\write5
\openout5 = `Master_eng_Thesis_Anastasios_Iliopoulos.toc'.

 [2] [1

]
Chapter 1.
[2

]
File: images//single.png Graphic file (type bmp)
<images//single.png>
LaTeX Info: Redefining \anw@print on input line 413.
LaTeX Info: Redefining \anw@print on input line 413.
LaTeX Info: Redefining \anw@print on input line 413.
LaTeX Info: Redefining \anw@print on input line 413.
File: images//multiple.png Graphic file (type bmp)
<images//multiple.png>
LaTeX Info: Redefining \anw@print on input line 420.
LaTeX Info: Redefining \anw@print on input line 420.
LaTeX Info: Redefining \anw@print on input line 420.
LaTeX Info: Redefining \anw@print on input line 420.
 [3]
Missing character: There is no Χ in font pxmi!
[4]
File: images//anomaly_vs_noise_clear_outlier.png Graphic file (type bmp)
<images//anomaly_vs_noise_clear_outlier.png>
LaTeX Info: Redefining \anw@print on input line 455.
LaTeX Info: Redefining \anw@print on input line 455.
LaTeX Info: Redefining \anw@print on input line 455.
LaTeX Info: Redefining \anw@print on input line 455.
File: images//anomaly_vs_noise_no_clear_outlier.png Graphic file (type bmp)
<images//anomaly_vs_noise_no_clear_outlier.png>
LaTeX Info: Redefining \anw@print on input line 462.
LaTeX Info: Redefining \anw@print on input line 462.
LaTeX Info: Redefining \anw@print on input line 462.
LaTeX Info: Redefining \anw@print on input line 462.


LaTeX Warning: `h' float specifier changed to `ht'.

[5]
Overfull \hbox (0.676pt too wide) in paragraph at lines 480--481
[]\TU/Calibri(0)/b/n/12 Point Anomalies \TU/Calibri(0)/m/n/12 are called the po
ints which deviate significantly from the rest of the sample.
 []


Overfull \hbox (15.52365pt too wide) in paragraph at lines 482--483
[]\TU/Calibri(0)/b/n/12 Collective Anomalies \TU/Calibri(0)/m/n/12 are called t
he points which may be normal if we observe them individually
 []


Overfull \hbox (1.46701pt too wide) in paragraph at lines 484--485
\TU/Calibri(0)/m/n/12 in a particular context but are reported as abnormal in a
nother. For example the temperature
 []


Overfull \hbox (3.61516pt too wide) in paragraph at lines 489--490
[]\TU/Calibri(0)/m/n/12 Having defined what is an Anomaly, we can talk about An
omaly Detection. We define a function
 []

[6] [7]
Overfull \hbox (3.91232pt too wide) in paragraph at lines 518--519
\TU/Calibri(0)/m/n/12 the difference in relation to two-class classification pr
oblems, we should say that anomaly detection
 []


Overfull \hbox (1.49826pt too wide) in paragraph at lines 518--519
\TU/Calibri(0)/m/n/12 these temperatures are very normal for an engine. But if 
we take into account the time dependence
 []

[8]
Chapter 2.

Overfull \hbox (6.19133pt too wide) in paragraph at lines 521--522
[]\TU/Calibri(0)/m/n/12 Anomaly detection is a subject that has many difficulti
es and is an evolving field. In the literature
 []

[9

]
Overfull \hbox (20.68056pt too wide) in paragraph at lines 542--543
[]\TU/Calibri(0)/m/n/12 The coefficients $\OML/pxmi/m/it/12 a[]; ::::; a[]$ \TU
/Calibri(0)/m/n/12 and $\OML/pxmi/m/it/12 c$ \TU/Calibri(0)/m/n/12 can be appro
ximated during training by solving the corresponding
 []

[10]
Overfull \hbox (4.12717pt too wide) in paragraph at lines 562--563
\TU/Calibri(0)/m/n/12 This model addresses this problem by generalizing the Aut
oregressive Moving Average model
 []


Overfull \hbox (12.12326pt too wide) in paragraph at lines 562--563
\TU/Calibri(0)/m/n/12 by adding an additional parameter $\OML/pxmi/m/it/12 d$ \
TU/Calibri(0)/m/n/12 which defines how many times we will take the differences
 []


Overfull \hbox (17.34592pt too wide) in paragraph at lines 584--585
[]\TU/Calibri(0)/m/n/12 To deal with the problem of the trend in stochastic pro
cesses, the double exponential smoothing
 []

[11] [12] [13] [14]
File: images//iTrees.png Graphic file (type bmp)
<images//iTrees.png>
 [15] [16]
File: images//convfilters.png Graphic file (type bmp)
<images//convfilters.png>


LaTeX Warning: `h' float specifier changed to `ht'.

[17]
File: images//resnetplus.png Graphic file (type bmp)
<images//resnetplus.png>
 [18]
File: images//lstmarchitecture2.png Graphic file (type bmp)
<images//lstmarchitecture2.png>


LaTeX Warning: `h' float specifier changed to `ht'.

[19] [20]
File: images//autoencoder.png Graphic file (type bmp)
<images//autoencoder.png>
 [21]
File: images//lstmvae.png Graphic file (type bmp)
<images//lstmvae.png>

Overfull \hbox (7.61845pt too wide) in paragraph at lines 797--798
\TU/Calibri(0)/m/n/12 τη σειρά τους δίνονται στο μοντέλο. Η η κυριότερη διαφορά
 του WaveNet με το convolutional
 []

[22]
File: images//dilationfilters_withoutdilation.png Graphic file (type bmp)
<images//dilationfilters_withoutdilation.png>
LaTeX Info: Redefining \anw@print on input line 803.
LaTeX Info: Redefining \anw@print on input line 803.
LaTeX Info: Redefining \anw@print on input line 803.
LaTeX Info: Redefining \anw@print on input line 803.
File: images//dilationfilters_withdilation.png Graphic file (type bmp)
<images//dilationfilters_withdilation.png>
LaTeX Info: Redefining \anw@print on input line 810.
LaTeX Info: Redefining \anw@print on input line 810.
LaTeX Info: Redefining \anw@print on input line 810.
LaTeX Info: Redefining \anw@print on input line 810.
File: images//lstmarchitecture2.png Graphic file (type bmp)
<images//lstmarchitecture2.png>
LaTeX Info: Redefining \anw@print on input line 824.
LaTeX Info: Redefining \anw@print on input line 824.
LaTeX Info: Redefining \anw@print on input line 824.
LaTeX Info: Redefining \anw@print on input line 824.
File: images//gruarchitecture2.png Graphic file (type bmp)
<images//gruarchitecture2.png>
LaTeX Info: Redefining \anw@print on input line 831.
LaTeX Info: Redefining \anw@print on input line 831.
LaTeX Info: Redefining \anw@print on input line 831.
LaTeX Info: Redefining \anw@print on input line 831.


LaTeX Warning: `h' float specifier changed to `ht'.

[23] [24]
Chapter 3.
[25

] [26]
Overfull \hbox (2.37326pt too wide) in paragraph at lines 876--877
\TU/Calibri(0)/m/n/12 δειγμα Προσομοίωση διαρροής υγρού και προσθήκη, Απότομη σ
υμπεριφορά ανισορροπίας, Από-
 []


Overfull \hbox (1.09787pt too wide) in paragraph at lines 876--877
\TU/Calibri(0)/m/n/12 τομη αύξηση/μείωση υγρού, Αργή αύξηση υγρού, Αύξηση υγρού
 υψηλής θερμοκρασίας και άλλα.
 []

LaTeX Info: Redefining \anw@print on input line 878.
LaTeX Info: Redefining \anw@print on input line 878.
[27]
LaTeX Info: Redefining \anw@print on input line 910.
LaTeX Info: Redefining \anw@print on input line 910.
LaTeX Info: Redefining \anw@print on input line 910.
LaTeX Info: Redefining \anw@print on input line 910.
LaTeX Info: Redefining \anw@print on input line 943.
LaTeX Info: Redefining \anw@print on input line 943.
LaTeX Info: Redefining \anw@print on input line 943.
LaTeX Info: Redefining \anw@print on input line 943.
 [28] [29]
File: images//sigmoid.png Graphic file (type bmp)
<images//sigmoid.png>
 [30] [31]
File: images//featurebaggingA.png Graphic file (type bmp)
<images//featurebaggingA.png>
LaTeX Info: Redefining \anw@print on input line 1001.
LaTeX Info: Redefining \anw@print on input line 1001.
LaTeX Info: Redefining \anw@print on input line 1001.
LaTeX Info: Redefining \anw@print on input line 1001.
File: images//featurebaggingB.png Graphic file (type bmp)
<images//featurebaggingB.png>
LaTeX Info: Redefining \anw@print on input line 1008.
LaTeX Info: Redefining \anw@print on input line 1008.
LaTeX Info: Redefining \anw@print on input line 1008.
LaTeX Info: Redefining \anw@print on input line 1008.
 [32] [33] [34] [35]
Overfull \hbox (1.87526pt too wide) in paragraph at lines 1083--1084
[]\TU/Calibri(0)/m/n/12 Σαν τελικό βήμα της διαδικασίας αφού έχουμε εκπαιδεύσει
 $\OML/pxmi/m/it/12 L$ \TU/Calibri(0)/m/n/12 βασικούς αλγόριθμους, εφαρ-
 []

[36] [37]
File: images//plot_model_autoencoder_model_c.png Graphic file (type bmp)
<images//plot_model_autoencoder_model_c.png>
LaTeX Info: Redefining \anw@print on input line 1112.
LaTeX Info: Redefining \anw@print on input line 1112.
LaTeX Info: Redefining \anw@print on input line 1112.
LaTeX Info: Redefining \anw@print on input line 1112.
File: images//plot_model_conv_ae_model.png Graphic file (type bmp)
<images//plot_model_conv_ae_model.png>
LaTeX Info: Redefining \anw@print on input line 1119.
LaTeX Info: Redefining \anw@print on input line 1119.
LaTeX Info: Redefining \anw@print on input line 1119.
LaTeX Info: Redefining \anw@print on input line 1119.
File: images//plot_model_lstm_model.png Graphic file (type bmp)
<images//plot_model_lstm_model.png>
LaTeX Info: Redefining \anw@print on input line 1126.
LaTeX Info: Redefining \anw@print on input line 1126.
LaTeX Info: Redefining \anw@print on input line 1126.
LaTeX Info: Redefining \anw@print on input line 1126.
File: images//plot_model_lstm_ae_model.png Graphic file (type bmp)
<images//plot_model_lstm_ae_model.png>
LaTeX Info: Redefining \anw@print on input line 1133.
LaTeX Info: Redefining \anw@print on input line 1133.
LaTeX Info: Redefining \anw@print on input line 1133.
LaTeX Info: Redefining \anw@print on input line 1133.
File: images//plot_model_lstm_vae_model.png Graphic file (type bmp)
<images//plot_model_lstm_vae_model.png>

Overfull \hbox (2.99414pt too wide) in paragraph at lines 1139--1140
 [][]\TU/Calibri(0)/m/n/12 ’ 
 []

LaTeX Info: Redefining \anw@print on input line 1140.
LaTeX Info: Redefining \anw@print on input line 1140.
LaTeX Info: Redefining \anw@print on input line 1140.
LaTeX Info: Redefining \anw@print on input line 1140.
[38]
Overfull \hbox (15.0761pt too wide) in paragraph at lines 1148--1149
[]\TU/Calibri(0)/m/n/12 Το μέγεθος του παραθύρου που χρησιμοποιούμε είναι 60 χρ
ονικές στιγμές για τον Convolutional
 []


Overfull \hbox (23.49255pt too wide) in paragraph at lines 1148--1149
\TU/Calibri(0)/m/n/12 Autoencoder, 5 για τον LSTM, 10 για τον LSTM Autoencoder 
και 5 για τον LSTM Variational Autoencoder.
 []

[39] [40]
Chapter 4.
File: images//confusionmatrixexplain.png Graphic file (type bmp)
<images//confusionmatrixexplain.png>
[41

]
File: images//anomaly_by_autoencoder.png Graphic file (type bmp)
<images//anomaly_by_autoencoder.png>
File: images//anomaly_by_conv_ae.png Graphic file (type bmp)
<images//anomaly_by_conv_ae.png>
File: images//anomaly_by_lstm.png Graphic file (type bmp)
<images//anomaly_by_lstm.png>
File: images//anomaly_by_lstm_ae.png Graphic file (type bmp)
<images//anomaly_by_lstm_ae.png>
File: images//anomaly_by_lstm_vae.png Graphic file (type bmp)
<images//anomaly_by_lstm_vae.png>
 [42]
File: images//anomaly_by_voting.png Graphic file (type bmp)
<images//anomaly_by_voting.png>
File: images//anomaly_by_logistic_regression.png Graphic file (type bmp)
<images//anomaly_by_logistic_regression.png>
File: images//anomaly_by_ensemble_ensemble_autoencoder.png Graphic file (type b
mp)
<images//anomaly_by_ensemble_ensemble_autoencoder.png>
File: images//anomaly_by_ensemble_ensemble_conv_ae.png Graphic file (type bmp)
<images//anomaly_by_ensemble_ensemble_conv_ae.png>
File: images//anomaly_by_ensemble_ensemble_lstm.png Graphic file (type bmp)
<images//anomaly_by_ensemble_ensemble_lstm.png>
File: images//anomaly_by_ensemble_ensemble_lstm_ae.png Graphic file (type bmp)
<images//anomaly_by_ensemble_ensemble_lstm_ae.png>
File: images//anomaly_by_ensemble_ensemble_lstm_vae.png Graphic file (type bmp)

<images//anomaly_by_ensemble_ensemble_lstm_vae.png>
 [43]
File: images//anomaly_by_ensemble_ensemble_rotation_autoencoder.png Graphic fil
e (type bmp)
<images//anomaly_by_ensemble_ensemble_rotation_autoencoder.png>
File: images//anomaly_by_ensemble_ensemble_rotation_conv_ae.png Graphic file (t
ype bmp)
<images//anomaly_by_ensemble_ensemble_rotation_conv_ae.png>
File: images//anomaly_by_ensemble_ensemble_rotation_lstm.png Graphic file (type
 bmp)
<images//anomaly_by_ensemble_ensemble_rotation_lstm.png>
File: images//anomaly_by_ensemble_ensemble_rotation_lstm_ae.png Graphic file (t
ype bmp)
<images//anomaly_by_ensemble_ensemble_rotation_lstm_ae.png>
File: images//anomaly_by_ensemble_ensemble_rotation_lstm_vae.png Graphic file (
type bmp)
<images//anomaly_by_ensemble_ensemble_rotation_lstm_vae.png>
 [44]
File: images//anomaly_by_logistic_regression_mixed_models.png Graphic file (typ
e bmp)
<images//anomaly_by_logistic_regression_mixed_models.png>

Underfull \hbox (badness 1365) in paragraph at lines 1314--1314
[]\TU/Calibri(0)/m/n/12 Σχήμα 4.6: |Stacking, Mixed Models: Feature Bagging wit
h Rotation, Meta-Learner: Logistic
 []

[45] [46] [47] [48] [49]
Chapter 5.
[50

] (Master_eng_Thesis_Anastasios_Iliopoulos.bbl [51]
Underfull \hbox (badness 1325) in paragraph at lines 48--52
[]\TU/Calibri(0)/m/n/12 R. J. Hyndman, A. B. Koehler, R. D. Snyder, and S. Gros
e, “A state space framework
 []

[52

]
Underfull \hbox (badness 10000) in paragraph at lines 111--113
[]\TU/Calibri(0)/m/n/12 I. D. Katser and V. O. Kozitsin, “Skoltech anomaly benc
hmark (skab).”
 []

[53]
Underfull \hbox (badness 1067) in paragraph at lines 130--133
[]\TU/Calibri(0)/m/n/12 J. Rodríguez, L. Kuncheva, and C. Alonso, “Rotation for
est: A new classifier ensemble
 []

) [54] (Master_eng_Thesis_Anastasios_Iliopoulos.aux) ) 
Here is how much of TeX's memory you used:
 25296 strings out of 411566
 553113 string characters out of 2818153
 1856973 words of memory out of 3000000
 44938 multiletter control sequences out of 15000+600000
 533787 words of font info for 140 fonts, out of 8000000 for 9000
 1348 hyphenation exceptions out of 8191
 87i,17n,117p,2512b,737s stack positions out of 10000i,1000n,20000p,200000b,80000s

Output written on Master_eng_Thesis_Anastasios_Iliopoulos.pdf (57 pages).
